[12:38:52] [ServerMain/INFO]: Environment: Environment[sessionHost=https://sessionserver.mojang.com, servicesHost=https://api.minecraftservices.com, name=PROD]
[12:38:54] [ServerMain/INFO]: No existing world data, creating new world
[12:38:56] [ServerMain/INFO]: Loaded 1373 recipes
[12:38:56] [ServerMain/INFO]: Loaded 1484 advancements
[12:38:56] [Server thread/INFO]: Starting minecraft server version 1.21.5
[12:38:56] [Server thread/INFO]: Loading properties
[12:38:56] [Server thread/INFO]: Default game type: SURVIVAL
[12:38:56] [Server thread/INFO]: Generating keypair
[12:38:56] [Server thread/INFO]: Starting Minecraft server on *:25565
[12:38:56] [Server thread/INFO]: Using epoll channel type
[12:38:56] [Server thread/INFO]: Preparing level "world"
[12:39:10] [Server thread/INFO]: Preparing start region for dimension minecraft:overworld
[12:39:10] [Worker-Main-2/INFO]: Preparing spawn area: 2%
[12:39:11] [Worker-Main-2/INFO]: Preparing spawn area: 2%
[12:39:11] [Worker-Main-2/INFO]: Preparing spawn area: 2%
[12:39:12] [Worker-Main-2/INFO]: Preparing spawn area: 2%
[12:39:12] [Worker-Main-2/INFO]: Preparing spawn area: 2%
[12:39:13] [Worker-Main-2/INFO]: Preparing spawn area: 2%
[12:39:13] [Worker-Main-2/INFO]: Preparing spawn area: 2%
[12:39:14] [Worker-Main-2/INFO]: Preparing spawn area: 2%
[12:39:14] [Worker-Main-2/INFO]: Preparing spawn area: 2%
[12:39:15] [Worker-Main-2/INFO]: Preparing spawn area: 2%
[12:39:15] [Worker-Main-2/INFO]: Preparing spawn area: 2%
[12:39:16] [Worker-Main-2/INFO]: Preparing spawn area: 2%
[12:39:16] [Worker-Main-2/INFO]: Preparing spawn area: 2%
[12:39:17] [Worker-Main-2/INFO]: Preparing spawn area: 2%
[12:39:17] [Worker-Main-2/INFO]: Preparing spawn area: 2%
[12:39:18] [Worker-Main-2/INFO]: Preparing spawn area: 2%
[12:39:18] [Worker-Main-2/INFO]: Preparing spawn area: 2%
[12:39:19] [Worker-Main-2/INFO]: Preparing spawn area: 2%
[12:39:19] [Worker-Main-2/INFO]: Preparing spawn area: 2%
[12:39:20] [Worker-Main-2/INFO]: Preparing spawn area: 4%
[12:39:20] [Server thread/INFO]: Time elapsed: 9887 ms
[12:39:20] [Server thread/INFO]: Done (23.801s)! For help, type "help"
